<?xml version="1.0" encoding="UTF-8"?>
<robot generator="Robot 7.3.2 (Python 3.13.7 on win32)" generated="2025-09-07T15:47:04.060368" rpa="false" schemaversion="5">
<suite id="s1" name="TC1" source="C:\Selenium\OrangeHRM\TestCases\TC1.robot">
<test id="s1-t1" name="LoginSuccessTest" line="10">
<kw name="Open Browser" owner="SeleniumLibrary">
<msg time="2025-09-07T15:47:04.652547" level="INFO">Opening browser 'chrome' to base url 'https://opensource-demo.orangehrmlive.com/web/index.php/auth/login'.</msg>
<arg>${url}</arg>
<arg>${browser}</arg>
<doc>Opens a new browser instance to the optional ``url``.</doc>
<status status="PASS" start="2025-09-07T15:47:04.652052" elapsed="5.396745"/>
</kw>
<kw name="LoginValidCredential">
<kw name="Wait Until Element Is Visible" owner="SeleniumLibrary">
<arg>name = username</arg>
<arg>10s</arg>
<doc>Waits until the element ``locator`` is visible.</doc>
<status status="PASS" start="2025-09-07T15:47:10.050854" elapsed="0.918544"/>
</kw>
<kw name="Input Text" owner="SeleniumLibrary">
<msg time="2025-09-07T15:47:10.970307" level="INFO">Typing text 'Admin' into text field 'name = username'.</msg>
<arg>name = username</arg>
<arg>Admin</arg>
<doc>Types the given ``text`` into the text field identified by ``locator``.</doc>
<status status="PASS" start="2025-09-07T15:47:10.969855" elapsed="0.145035"/>
</kw>
<kw name="Wait Until Element Is Visible" owner="SeleniumLibrary">
<arg>name = password</arg>
<arg>10s</arg>
<doc>Waits until the element ``locator`` is visible.</doc>
<status status="PASS" start="2025-09-07T15:47:11.115289" elapsed="0.027959"/>
</kw>
<kw name="Input Text" owner="SeleniumLibrary">
<msg time="2025-09-07T15:47:11.144255" level="INFO">Typing text 'admin123' into text field 'name = password'.</msg>
<arg>name = password</arg>
<arg>admin123</arg>
<doc>Types the given ``text`` into the text field identified by ``locator``.</doc>
<status status="PASS" start="2025-09-07T15:47:11.143721" elapsed="0.162301"/>
</kw>
<status status="PASS" start="2025-09-07T15:47:10.050025" elapsed="1.256310"/>
</kw>
<kw name="Click Button" owner="SeleniumLibrary">
<msg time="2025-09-07T15:47:11.308296" level="INFO">Clicking button 'xpath://*[@type='submit']'.</msg>
<arg>xpath://*[@type='submit']</arg>
<doc>Clicks the button identified by ``locator``.</doc>
<status status="PASS" start="2025-09-07T15:47:11.307736" elapsed="0.138219"/>
</kw>
<kw name="Close Browser" owner="SeleniumLibrary">
<doc>Closes the current browser.</doc>
<status status="PASS" start="2025-09-07T15:47:11.446589" elapsed="2.480030"/>
</kw>
<status status="PASS" start="2025-09-07T15:47:04.650161" elapsed="9.277182"/>
</test>
<test id="s1-t2" name="LoginFailTest" line="16">
<kw name="Open Browser" owner="SeleniumLibrary">
<msg time="2025-09-07T15:47:13.930246" level="INFO">Opening browser 'chrome' to base url 'https://opensource-demo.orangehrmlive.com/web/index.php/auth/login'.</msg>
<arg>${url}</arg>
<arg>${browser}</arg>
<doc>Opens a new browser instance to the optional ``url``.</doc>
<status status="PASS" start="2025-09-07T15:47:13.929806" elapsed="5.136897"/>
</kw>
<kw name="LoginInvalidCredential">
<kw name="Wait Until Element Is Visible" owner="SeleniumLibrary">
<arg>name = username</arg>
<arg>10s</arg>
<doc>Waits until the element ``locator`` is visible.</doc>
<status status="PASS" start="2025-09-07T15:47:19.068468" elapsed="0.926193"/>
</kw>
<kw name="Input Text" owner="SeleniumLibrary">
<msg time="2025-09-07T15:47:19.995308" level="INFO">Typing text 'Mohak' into text field 'name = username'.</msg>
<arg>name = username</arg>
<arg>Mohak</arg>
<doc>Types the given ``text`` into the text field identified by ``locator``.</doc>
<status status="PASS" start="2025-09-07T15:47:19.994969" elapsed="0.148641"/>
</kw>
<kw name="Wait Until Element Is Visible" owner="SeleniumLibrary">
<arg>name = password</arg>
<arg>10s</arg>
<doc>Waits until the element ``locator`` is visible.</doc>
<status status="PASS" start="2025-09-07T15:47:20.144022" elapsed="0.026803"/>
</kw>
<kw name="Input Text" owner="SeleniumLibrary">
<msg time="2025-09-07T15:47:20.171602" level="INFO">Typing text 'mohak123' into text field 'name = password'.</msg>
<arg>name = password</arg>
<arg>mohak123</arg>
<doc>Types the given ``text`` into the text field identified by ``locator``.</doc>
<status status="PASS" start="2025-09-07T15:47:20.171189" elapsed="0.159463"/>
</kw>
<status status="PASS" start="2025-09-07T15:47:19.067715" elapsed="1.263166"/>
</kw>
<kw name="Click Button" owner="SeleniumLibrary">
<msg time="2025-09-07T15:47:20.332225" level="INFO">Clicking button 'xpath://*[@type='submit']'.</msg>
<arg>xpath://*[@type='submit']</arg>
<doc>Clicks the button identified by ``locator``.</doc>
<status status="PASS" start="2025-09-07T15:47:20.331555" elapsed="1.156058"/>
</kw>
<kw name="Close Browser" owner="SeleniumLibrary">
<doc>Closes the current browser.</doc>
<status status="PASS" start="2025-09-07T15:47:21.488531" elapsed="2.468421"/>
</kw>
<status status="PASS" start="2025-09-07T15:47:13.928904" elapsed="10.028738"/>
</test>
<status status="PASS" start="2025-09-07T15:47:04.063267" elapsed="19.896178"/>
</suite>
<statistics>
<total>
<stat pass="2" fail="0" skip="0">All Tests</stat>
</total>
<tag>
</tag>
<suite>
<stat name="TC1" id="s1" pass="2" fail="0" skip="0">TC1</stat>
</suite>
</statistics>
<errors>
</errors>
</robot>
